<?xml version="1.0" encoding="UTF-8"?>
<!-- Generated by org.testng.reporters.JUnitXMLReporter -->
<testsuite ignored="0" hostname="LAPTOP-GJFA8BNB" failures="0" tests="4" name="chromeTest" time="70.891" errors="0" timestamp="2023-11-15T08:44:52 IST">
  <testcase classname="testcases.PressPage" name="companyTimeliness" time="8.147"/>
  <testcase classname="testcases.InvestorsPage" name="investors" time="0.255"/>
  <testcase classname="testcases.InvestorsPage" name="investorsDomain" time="26.444"/>
  <testcase classname="testcases.CareersPage" name="searchJob" time="20.786"/>
</testsuite> <!-- chromeTest -->
