<?xml version="1.0" encoding="UTF-8"?>
<!-- Generated by org.testng.reporters.JUnitXMLReporter -->
<testsuite ignored="0" hostname="LAPTOP-GJFA8BNB" failures="0" tests="4" name="chromeTest" time="70.194" errors="0" timestamp="2023-11-15T08:55:23 IST">
  <testcase classname="testcases.PressPage" name="companyTimeliness" time="4.555"/>
  <testcase classname="testcases.InvestorsPage" name="investors" time="0.277"/>
  <testcase classname="testcases.InvestorsPage" name="investorsDomain" time="26.533"/>
  <testcase classname="testcases.CareersPage" name="searchJob" time="24.107"/>
</testsuite> <!-- chromeTest -->
