<?xml version="1.0" encoding="UTF-8"?>
<testng-results ignored="0" total="4" passed="4" failed="0" skipped="0">
  <reporter-output>
  </reporter-output>
  <suite started-at="2023-11-15T08:54:12 IST" name="Suite" finished-at="2023-11-15T08:55:22 IST" duration-ms="70194">
    <groups>
    </groups>
    <test started-at="2023-11-15T08:54:12 IST" name="chromeTest" finished-at="2023-11-15T08:55:22 IST" duration-ms="70194">
      <class name="testcases.CareersPage">
        <test-method is-config="true" signature="setUp(java.lang.String)[pri:0, instance:testcases.CareersPage@7c137fd5]" started-at="2023-11-15T08:54:53 IST" name="setUp" finished-at="2023-11-15T08:54:58 IST" duration-ms="4552" status="PASS">
          <params>
            <param index="0">
              <value>
                <![CDATA[chrome]]>
              </value>
            </param>
          </params>
          <reporter-output>
          </reporter-output>
        </test-method> <!-- setUp -->
        <test-method signature="searchJob()[pri:0, instance:testcases.CareersPage@7c137fd5]" started-at="2023-11-15T08:54:58 IST" name="searchJob" finished-at="2023-11-15T08:55:22 IST" duration-ms="24107" status="PASS">
          <reporter-output>
          </reporter-output>
        </test-method> <!-- searchJob -->
        <test-method is-config="true" signature="tearDown()[pri:0, instance:testcases.CareersPage@7c137fd5]" started-at="2023-11-15T08:55:22 IST" name="tearDown" finished-at="2023-11-15T08:55:22 IST" duration-ms="255" status="PASS">
          <reporter-output>
          </reporter-output>
        </test-method> <!-- tearDown -->
      </class> <!-- testcases.CareersPage -->
      <class name="testcases.PressPage">
        <test-method is-config="true" signature="setUp(java.lang.String)[pri:0, instance:testcases.PressPage@1750fbeb]" started-at="2023-11-15T08:54:12 IST" name="setUp" finished-at="2023-11-15T08:54:18 IST" duration-ms="5307" status="PASS">
          <params>
            <param index="0">
              <value>
                <![CDATA[chrome]]>
              </value>
            </param>
          </params>
          <reporter-output>
          </reporter-output>
        </test-method> <!-- setUp -->
        <test-method signature="companyTimeliness()[pri:0, instance:testcases.PressPage@1750fbeb]" started-at="2023-11-15T08:54:18 IST" name="companyTimeliness" finished-at="2023-11-15T08:54:22 IST" duration-ms="4555" status="PASS">
          <reporter-output>
          </reporter-output>
        </test-method> <!-- companyTimeliness -->
        <test-method is-config="true" signature="tearDown()[pri:0, instance:testcases.PressPage@1750fbeb]" started-at="2023-11-15T08:54:22 IST" name="tearDown" finished-at="2023-11-15T08:54:22 IST" duration-ms="250" status="PASS">
          <reporter-output>
          </reporter-output>
        </test-method> <!-- tearDown -->
      </class> <!-- testcases.PressPage -->
      <class name="testcases.InvestorsPage">
        <test-method is-config="true" signature="setUp(java.lang.String)[pri:0, instance:testcases.InvestorsPage@231f98ef]" started-at="2023-11-15T08:54:22 IST" name="setUp" finished-at="2023-11-15T08:54:26 IST" duration-ms="3883" status="PASS">
          <params>
            <param index="0">
              <value>
                <![CDATA[chrome]]>
              </value>
            </param>
          </params>
          <reporter-output>
          </reporter-output>
        </test-method> <!-- setUp -->
        <test-method signature="investors()[pri:0, instance:testcases.InvestorsPage@231f98ef]" started-at="2023-11-15T08:54:26 IST" name="investors" finished-at="2023-11-15T08:54:27 IST" duration-ms="277" status="PASS">
          <reporter-output>
          </reporter-output>
        </test-method> <!-- investors -->
        <test-method signature="investorsDomain()[pri:0, instance:testcases.InvestorsPage@231f98ef]" started-at="2023-11-15T08:54:27 IST" name="investorsDomain" finished-at="2023-11-15T08:54:53 IST" duration-ms="26533" status="PASS">
          <reporter-output>
          </reporter-output>
        </test-method> <!-- investorsDomain -->
        <test-method is-config="true" signature="tearDown()[pri:0, instance:testcases.InvestorsPage@231f98ef]" started-at="2023-11-15T08:54:53 IST" name="tearDown" finished-at="2023-11-15T08:54:53 IST" duration-ms="254" status="PASS">
          <reporter-output>
          </reporter-output>
        </test-method> <!-- tearDown -->
      </class> <!-- testcases.InvestorsPage -->
    </test> <!-- chromeTest -->
  </suite> <!-- Suite -->
</testng-results>
