<?xml version="1.0" encoding="UTF-8"?>
<testng-results ignored="0" total="4" passed="4" failed="0" skipped="0">
  <reporter-output>
  </reporter-output>
  <suite started-at="2023-11-15T08:43:41 IST" name="Suite" finished-at="2023-11-15T08:44:52 IST" duration-ms="70891">
    <groups>
    </groups>
    <test started-at="2023-11-15T08:43:41 IST" name="chromeTest" finished-at="2023-11-15T08:44:52 IST" duration-ms="70891">
      <class name="testcases.CareersPage">
        <test-method is-config="true" signature="setUp(java.lang.String)[pri:0, instance:testcases.CareersPage@7c137fd5]" started-at="2023-11-15T08:44:27 IST" name="setUp" finished-at="2023-11-15T08:44:31 IST" duration-ms="4216" status="PASS">
          <params>
            <param index="0">
              <value>
                <![CDATA[chrome]]>
              </value>
            </param>
          </params>
          <reporter-output>
          </reporter-output>
        </test-method> <!-- setUp -->
        <test-method signature="searchJob()[pri:0, instance:testcases.CareersPage@7c137fd5]" started-at="2023-11-15T08:44:31 IST" name="searchJob" finished-at="2023-11-15T08:44:52 IST" duration-ms="20786" status="PASS">
          <reporter-output>
          </reporter-output>
        </test-method> <!-- searchJob -->
        <test-method is-config="true" signature="tearDown()[pri:0, instance:testcases.CareersPage@7c137fd5]" started-at="2023-11-15T08:44:52 IST" name="tearDown" finished-at="2023-11-15T08:44:52 IST" duration-ms="435" status="PASS">
          <reporter-output>
          </reporter-output>
        </test-method> <!-- tearDown -->
      </class> <!-- testcases.CareersPage -->
      <class name="testcases.PressPage">
        <test-method is-config="true" signature="setUp(java.lang.String)[pri:0, instance:testcases.PressPage@1750fbeb]" started-at="2023-11-15T08:43:41 IST" name="setUp" finished-at="2023-11-15T08:43:46 IST" duration-ms="5079" status="PASS">
          <params>
            <param index="0">
              <value>
                <![CDATA[chrome]]>
              </value>
            </param>
          </params>
          <reporter-output>
          </reporter-output>
        </test-method> <!-- setUp -->
        <test-method signature="companyTimeliness()[pri:0, instance:testcases.PressPage@1750fbeb]" started-at="2023-11-15T08:43:46 IST" name="companyTimeliness" finished-at="2023-11-15T08:43:55 IST" duration-ms="8147" status="PASS">
          <reporter-output>
          </reporter-output>
        </test-method> <!-- companyTimeliness -->
        <test-method is-config="true" signature="tearDown()[pri:0, instance:testcases.PressPage@1750fbeb]" started-at="2023-11-15T08:43:55 IST" name="tearDown" finished-at="2023-11-15T08:43:55 IST" duration-ms="320" status="PASS">
          <reporter-output>
          </reporter-output>
        </test-method> <!-- tearDown -->
      </class> <!-- testcases.PressPage -->
      <class name="testcases.InvestorsPage">
        <test-method is-config="true" signature="setUp(java.lang.String)[pri:0, instance:testcases.InvestorsPage@231f98ef]" started-at="2023-11-15T08:43:55 IST" name="setUp" finished-at="2023-11-15T08:43:59 IST" duration-ms="4602" status="PASS">
          <params>
            <param index="0">
              <value>
                <![CDATA[chrome]]>
              </value>
            </param>
          </params>
          <reporter-output>
          </reporter-output>
        </test-method> <!-- setUp -->
        <test-method signature="investors()[pri:0, instance:testcases.InvestorsPage@231f98ef]" started-at="2023-11-15T08:43:59 IST" name="investors" finished-at="2023-11-15T08:44:00 IST" duration-ms="255" status="PASS">
          <reporter-output>
          </reporter-output>
        </test-method> <!-- investors -->
        <test-method signature="investorsDomain()[pri:0, instance:testcases.InvestorsPage@231f98ef]" started-at="2023-11-15T08:44:00 IST" name="investorsDomain" finished-at="2023-11-15T08:44:26 IST" duration-ms="26444" status="PASS">
          <reporter-output>
          </reporter-output>
        </test-method> <!-- investorsDomain -->
        <test-method is-config="true" signature="tearDown()[pri:0, instance:testcases.InvestorsPage@231f98ef]" started-at="2023-11-15T08:44:26 IST" name="tearDown" finished-at="2023-11-15T08:44:27 IST" duration-ms="333" status="PASS">
          <reporter-output>
          </reporter-output>
        </test-method> <!-- tearDown -->
      </class> <!-- testcases.InvestorsPage -->
    </test> <!-- chromeTest -->
  </suite> <!-- Suite -->
</testng-results>
